[debug] [2019-12-25T22:18:12.208Z] ----------------------------------------------------------------------
[debug] [2019-12-25T22:18:12.210Z] Command:       C:\Program Files\nodejs\node.exe C:\web\sydney-subrubs\node_modules\firebase-tools\lib\bin\firebase.js serve -p 3000
[debug] [2019-12-25T22:18:12.210Z] CLI Version:   7.11.0
[debug] [2019-12-25T22:18:12.210Z] Platform:      win32
[debug] [2019-12-25T22:18:12.210Z] Node Version:  v13.5.0
[debug] [2019-12-25T22:18:12.215Z] Time:          Thu Dec 26 2019 09:18:12 GMT+1100 (Australian Eastern Daylight Time)
[debug] [2019-12-25T22:18:12.215Z] ----------------------------------------------------------------------
[debug] [2019-12-25T22:18:12.215Z] 
[debug] [2019-12-25T22:18:12.224Z] > command requires scopes: ["email","openid","https://www.googleapis.com/auth/cloudplatformprojects.readonly","https://www.googleapis.com/auth/firebase","https://www.googleapis.com/auth/cloud-platform"]
[debug] [2019-12-25T22:18:12.225Z] > authorizing via signed-in user
[debug] [2019-12-25T22:18:12.225Z] [iam] checking project sydsubmem for permissions ["firebase.projects.get"]
[debug] [2019-12-25T22:18:12.226Z] > refreshing access token with scopes: ["email","https://www.googleapis.com/auth/cloud-platform","https://www.googleapis.com/auth/cloudplatformprojects.readonly","https://www.googleapis.com/auth/firebase","openid"]
[debug] [2019-12-25T22:18:12.226Z] >>> HTTP REQUEST POST https://www.googleapis.com/oauth2/v3/token  
 <request body omitted>
[debug] [2019-12-25T22:18:12.492Z] <<< HTTP RESPONSE 200
[debug] [2019-12-25T22:18:12.501Z] >>> HTTP REQUEST POST https://cloudresourcemanager.googleapis.com/v1/projects/sydsubmem:testIamPermissions  

[debug] [2019-12-25T22:18:13.876Z] <<< HTTP RESPONSE 200
[debug] [2019-12-25T22:18:13.877Z] >>> HTTP REQUEST GET https://firebase.googleapis.com/v1beta1/projects/sydsubmem  
 
[debug] [2019-12-25T22:18:14.422Z] <<< HTTP RESPONSE 200
[info] 
[info] === Serving from 'C:\web\sydney-subrubs'...
[info] 
[debug] [2019-12-25T22:18:14.425Z] >>> HTTP REQUEST GET https://firebase.googleapis.com/v1beta1/projects/sydsubmem/webApps/-/config  
 
[debug] [2019-12-25T22:18:15.366Z] <<< HTTP RESPONSE 200
[info] i  hosting: Serving hosting files from: public
[info] +  hosting: Local server: http://localhost:3000
